2019-11-14 15:32:11,555:WARNING:start
2019-11-14 15:32:11,560:WARNING:<mysql.connector.connection.MySQLConnection object at 0x7fabb88c4e80>
2019-11-14 15:32:11,562:WARNING:start thread:mq-thread
2019-11-14 15:32:11,595:WARNING:custmer wait for mes
2019-11-14 15:35:48,196:WARNING:start
2019-11-14 15:35:48,202:WARNING:<mysql.connector.connection.MySQLConnection object at 0x7ff23e4beef0>
2019-11-14 15:35:48,204:WARNING:start thread:mq-thread
2019-11-14 15:35:48,239:WARNING:custmer wait for mes
2019-11-14 15:38:00,624:WARNING:start
2019-11-14 15:38:00,629:WARNING:<mysql.connector.connection.MySQLConnection object at 0x7fb7b019ee80>
2019-11-14 15:38:00,630:WARNING:start thread:mq-thread
2019-11-14 15:38:00,661:WARNING:custmer wait for mes
2019-11-14 15:42:20,888:WARNING:start
2019-11-14 15:42:20,894:WARNING:<mysql.connector.connection.MySQLConnection object at 0x7efd2dcdfeb8>
2019-11-14 15:42:20,896:WARNING:start thread:mq-thread
2019-11-14 15:42:20,932:WARNING:custmer wait for mes
2019-11-14 15:49:23,862:WARNING:start
2019-11-14 15:49:23,867:WARNING:<mysql.connector.connection.MySQLConnection object at 0x7f8cfa535e80>
2019-11-14 15:49:23,868:WARNING:start thread:mq-thread
2019-11-14 15:49:23,899:WARNING:custmer wait for mes
2019-11-14 15:56:21,402:WARNING:start
2019-11-14 15:56:21,410:WARNING:<mysql.connector.connection.MySQLConnection object at 0x7f909afb8eb8>
2019-11-14 15:56:21,411:WARNING:start thread:mq-thread
2019-11-14 15:56:21,446:WARNING:custmer wait for mes
2019-11-14 15:56:54,556:WARNING:start
2019-11-14 15:56:54,566:WARNING:<mysql.connector.connection.MySQLConnection object at 0x7fe5ead25eb8>
2019-11-14 15:56:54,568:WARNING:start thread:mq-thread
2019-11-14 15:56:54,596:WARNING:custmer wait for mes
2019-11-14 15:57:25,764:WARNING:start
2019-11-14 15:57:25,770:WARNING:<mysql.connector.connection.MySQLConnection object at 0x7f3f37424eb8>
2019-11-14 15:57:25,771:WARNING:start thread:mq-thread
2019-11-14 15:57:25,804:WARNING:custmer wait for mes
2019-11-14 16:02:04,151:WARNING:start
2019-11-14 16:02:04,157:WARNING:<mysql.connector.connection.MySQLConnection object at 0x7f8cccd44eb8>
2019-11-14 16:02:04,158:WARNING:start thread:mq-thread
2019-11-14 16:02:04,191:WARNING:custmer wait for mes
2019-11-14 16:03:04,643:WARNING:start
2019-11-14 16:03:04,649:WARNING:<mysql.connector.connection.MySQLConnection object at 0x7fc438863dd8>
2019-11-14 16:03:04,650:WARNING:start thread:mq-thread
2019-11-14 16:03:04,685:WARNING:custmer wait for mes
2019-11-14 16:18:21,279:WARNING:start
2019-11-14 16:18:21,284:WARNING:<mysql.connector.connection.MySQLConnection object at 0x7fc7f9bcdeb8>
2019-11-14 16:18:21,285:WARNING:start thread:mq-thread
2019-11-14 16:18:21,317:WARNING:custmer wait for mes
2019-11-14 16:46:48,099:WARNING:start
2019-11-14 16:46:48,107:WARNING:<mysql.connector.connection.MySQLConnection object at 0x7fa7bcb28e80>
2019-11-14 16:46:48,108:WARNING:start thread:mq-thread
2019-11-14 16:46:48,143:WARNING:custmer wait for mes
2019-11-14 16:46:54,539:WARNING:Not all parameters were used in the SQL statement
2019-11-14 16:46:54,540:WARNING:Not all parameters were used in the SQL statement
2019-11-14 16:46:54,540:WARNING:Not all parameters were used in the SQL statement
2019-11-14 16:46:54,540:WARNING:Not all parameters were used in the SQL statement
2019-11-14 16:46:54,540:WARNING:Not all parameters were used in the SQL statement
2019-11-14 16:46:54,541:WARNING:Not all parameters were used in the SQL statement
2019-11-14 16:46:54,541:WARNING:Not all parameters were used in the SQL statement
2019-11-14 16:46:54,541:WARNING:Not all parameters were used in the SQL statement
2019-11-14 16:46:54,542:WARNING:Not all parameters were used in the SQL statement
2019-11-14 16:46:54,542:WARNING:Not all parameters were used in the SQL statement
2019-11-14 16:46:54,542:WARNING:Not all parameters were used in the SQL statement
2019-11-14 16:46:54,542:WARNING:Not all parameters were used in the SQL statement
2019-11-14 16:46:54,543:WARNING:Not all parameters were used in the SQL statement
2019-11-14 16:48:22,975:WARNING:start
2019-11-14 16:48:22,982:WARNING:<mysql.connector.connection.MySQLConnection object at 0x7fa6249a3e48>
2019-11-14 16:48:22,984:WARNING:start thread:mq-thread
2019-11-14 16:48:23,011:WARNING:custmer wait for mes
2019-11-14 16:48:30,635:WARNING:Not all parameters were used in the SQL statement
2019-11-14 16:48:30,635:WARNING:Not all parameters were used in the SQL statement
2019-11-14 16:48:30,636:WARNING:Not all parameters were used in the SQL statement
2019-11-14 16:48:30,636:WARNING:Not all parameters were used in the SQL statement
2019-11-14 16:48:30,636:WARNING:Not all parameters were used in the SQL statement
2019-11-14 16:48:30,636:WARNING:Not all parameters were used in the SQL statement
2019-11-14 16:48:30,636:WARNING:Not all parameters were used in the SQL statement
2019-11-14 16:48:30,637:WARNING:Not all parameters were used in the SQL statement
2019-11-14 16:48:30,637:WARNING:Not all parameters were used in the SQL statement
2019-11-14 16:48:30,637:WARNING:Not all parameters were used in the SQL statement
2019-11-14 16:48:30,637:WARNING:Not all parameters were used in the SQL statement
2019-11-14 16:48:30,637:WARNING:Not all parameters were used in the SQL statement
2019-11-14 16:48:30,637:WARNING:Not all parameters were used in the SQL statement
2019-11-14 16:49:27,669:WARNING:start
2019-11-14 16:49:27,675:WARNING:<mysql.connector.connection.MySQLConnection object at 0x7efc17ebbe48>
2019-11-14 16:49:27,677:WARNING:start thread:mq-thread
2019-11-14 16:49:27,709:WARNING:custmer wait for mes
2019-11-14 16:49:33,628:WARNING:1366 (HY000): Incorrect decimal value: '' for column 'value' at row 1
2019-11-14 16:49:33,628:WARNING:1366 (HY000): Incorrect decimal value: '' for column 'value' at row 1
2019-11-14 16:49:33,629:WARNING:1366 (HY000): Incorrect decimal value: '' for column 'value' at row 1
2019-11-14 16:49:33,630:WARNING:1366 (HY000): Incorrect decimal value: '' for column 'value' at row 1
2019-11-14 16:49:33,630:WARNING:1366 (HY000): Incorrect decimal value: '' for column 'value' at row 1
2019-11-14 16:49:33,631:WARNING:1366 (HY000): Incorrect decimal value: '' for column 'value' at row 1
2019-11-14 16:49:33,632:WARNING:1366 (HY000): Incorrect decimal value: '' for column 'value' at row 1
2019-11-14 16:49:33,632:WARNING:1366 (HY000): Incorrect decimal value: '' for column 'value' at row 1
2019-11-14 16:51:38,474:WARNING:start
2019-11-14 16:51:38,480:WARNING:<mysql.connector.connection.MySQLConnection object at 0x7f5d02837e48>
2019-11-14 16:51:38,481:WARNING:start thread:mq-thread
2019-11-14 16:51:38,517:WARNING:custmer wait for mes
2019-11-14 16:52:15,362:WARNING:start
2019-11-14 16:52:15,369:WARNING:<mysql.connector.connection.MySQLConnection object at 0x7f8f8e52be10>
2019-11-14 16:52:15,371:WARNING:start thread:mq-thread
2019-11-14 16:52:15,406:WARNING:custmer wait for mes
2019-11-14 16:52:44,182:WARNING:start
2019-11-14 16:52:44,188:WARNING:<mysql.connector.connection.MySQLConnection object at 0x7fd952bc8e10>
2019-11-14 16:52:44,191:WARNING:start thread:mq-thread
2019-11-14 16:52:44,226:WARNING:custmer wait for mes
2019-11-14 16:53:08,547:WARNING:start
2019-11-14 16:53:08,553:WARNING:<mysql.connector.connection.MySQLConnection object at 0x7f21645c1e48>
2019-11-14 16:53:08,554:WARNING:start thread:mq-thread
2019-11-14 16:53:08,580:WARNING:custmer wait for mes
2019-11-14 16:53:39,105:WARNING:start
2019-11-14 16:53:39,111:WARNING:<mysql.connector.connection.MySQLConnection object at 0x7fa85b9f5dd8>
2019-11-14 16:53:39,113:WARNING:start thread:mq-thread
2019-11-14 16:53:39,144:WARNING:custmer wait for mes
2019-11-14 16:54:05,033:WARNING:start
2019-11-14 16:54:05,042:WARNING:<mysql.connector.connection.MySQLConnection object at 0x7f45698d2e48>
2019-11-14 16:54:05,043:WARNING:start thread:mq-thread
2019-11-14 16:54:05,077:WARNING:custmer wait for mes
2019-11-14 17:01:07,365:WARNING:start
2019-11-14 17:01:07,374:WARNING:<mysql.connector.connection.MySQLConnection object at 0x7f3f33b26e48>
2019-11-14 17:01:07,376:WARNING:start thread:mq-thread
2019-11-14 17:01:07,410:WARNING:custmer wait for mes
2019-11-14 17:04:49,138:WARNING:start
2019-11-14 17:04:49,145:WARNING:<mysql.connector.connection.MySQLConnection object at 0x7fce44bb8e48>
2019-11-14 17:04:49,146:WARNING:start thread:mq-thread
2019-11-14 17:04:49,183:WARNING:custmer wait for mes
2019-11-14 17:05:05,751:WARNING:name 'threadLock' is not defined
2019-11-14 17:05:05,751:WARNING:name 'threadLock' is not defined
2019-11-14 17:05:05,751:WARNING:name 'threadLock' is not defined
2019-11-14 17:05:05,751:WARNING:name 'threadLock' is not defined
2019-11-14 17:05:05,751:WARNING:name 'threadLock' is not defined
2019-11-14 17:05:05,752:WARNING:name 'threadLock' is not defined
2019-11-14 17:05:05,752:WARNING:name 'threadLock' is not defined
2019-11-14 17:05:05,752:WARNING:name 'threadLock' is not defined
2019-11-14 17:05:05,752:WARNING:name 'threadLock' is not defined
2019-11-14 17:05:05,752:WARNING:name 'threadLock' is not defined
2019-11-14 17:05:05,753:WARNING:name 'threadLock' is not defined
2019-11-14 17:05:05,753:WARNING:name 'threadLock' is not defined
2019-11-14 17:05:05,753:WARNING:name 'threadLock' is not defined
2019-11-14 17:05:51,849:WARNING:start
2019-11-14 17:05:51,855:WARNING:<mysql.connector.connection.MySQLConnection object at 0x7f852da92e48>
2019-11-14 17:05:51,858:WARNING:start thread:mq-thread
2019-11-14 17:05:51,895:WARNING:custmer wait for mes
2019-11-15 10:48:42,366:WARNING:start
2019-11-15 10:48:42,372:WARNING:<mysql.connector.connection.MySQLConnection object at 0x7fa46c985e48>
2019-11-15 10:48:42,374:WARNING:start thread:mq-thread
2019-11-15 10:48:42,405:WARNING:custmer wait for mes
2019-11-15 10:49:38,711:WARNING:start
2019-11-15 10:49:38,719:WARNING:<mysql.connector.connection.MySQLConnection object at 0x7f3eadec0e48>
2019-11-15 10:49:38,721:WARNING:start thread:mq-thread
2019-11-15 10:49:38,750:WARNING:custmer wait for mes
2019-11-15 10:49:56,836:WARNING:1366 (HY000): Incorrect decimal value: '' for column 'value' at row 1
2019-11-15 10:49:56,837:WARNING:1366 (HY000): Incorrect decimal value: '' for column 'value' at row 1
2019-11-15 10:49:56,838:WARNING:1366 (HY000): Incorrect decimal value: '' for column 'value' at row 1
2019-11-15 10:49:56,839:WARNING:1366 (HY000): Incorrect decimal value: '' for column 'value' at row 1
2019-11-15 10:49:56,840:WARNING:1366 (HY000): Incorrect decimal value: '' for column 'value' at row 1
2019-11-15 10:49:56,840:WARNING:1366 (HY000): Incorrect decimal value: '' for column 'value' at row 1
2019-11-15 10:49:56,841:WARNING:1366 (HY000): Incorrect decimal value: '' for column 'value' at row 1
2019-11-15 10:49:56,842:WARNING:1366 (HY000): Incorrect decimal value: '' for column 'value' at row 1
2019-11-15 10:50:11,059:WARNING:1366 (HY000): Incorrect decimal value: '' for column 'value' at row 1
2019-11-15 10:50:11,060:WARNING:1366 (HY000): Incorrect decimal value: '' for column 'value' at row 1
2019-11-15 10:50:11,060:WARNING:1366 (HY000): Incorrect decimal value: '' for column 'value' at row 1
2019-11-15 10:50:11,061:WARNING:1366 (HY000): Incorrect decimal value: '' for column 'value' at row 1
2019-11-15 10:50:11,062:WARNING:1366 (HY000): Incorrect decimal value: '' for column 'value' at row 1
2019-11-15 10:50:11,063:WARNING:1366 (HY000): Incorrect decimal value: '' for column 'value' at row 1
2019-11-15 10:50:11,063:WARNING:1366 (HY000): Incorrect decimal value: '' for column 'value' at row 1
2019-11-15 10:50:11,064:WARNING:1366 (HY000): Incorrect decimal value: '' for column 'value' at row 1
2019-11-15 14:06:46,495:WARNING:start
2019-11-15 14:06:46,502:WARNING:<mysql.connector.connection.MySQLConnection object at 0x7feb7ab4bf98>
2019-11-15 14:06:46,504:WARNING:start thread:mq-thread
2019-11-15 14:06:46,549:WARNING:custmer wait for mes
2019-11-15 14:07:02,060:WARNING:1366 (HY000): Incorrect decimal value: '' for column 'value' at row 1
2019-11-15 14:07:02,061:WARNING:1366 (HY000): Incorrect decimal value: '' for column 'value' at row 1
2019-11-15 14:07:02,062:WARNING:1366 (HY000): Incorrect decimal value: '' for column 'value' at row 1
2019-11-15 14:07:02,062:WARNING:1366 (HY000): Incorrect decimal value: '' for column 'value' at row 1
2019-11-15 14:07:02,063:WARNING:1366 (HY000): Incorrect decimal value: '' for column 'value' at row 1
2019-11-15 14:07:02,064:WARNING:1366 (HY000): Incorrect decimal value: '' for column 'value' at row 1
2019-11-15 14:07:02,065:WARNING:1366 (HY000): Incorrect decimal value: '' for column 'value' at row 1
2019-11-15 14:07:02,065:WARNING:1366 (HY000): Incorrect decimal value: '' for column 'value' at row 1
2019-11-15 14:07:06,021:WARNING:1366 (HY000): Incorrect decimal value: '' for column 'value' at row 1
2019-11-15 14:07:06,022:WARNING:1366 (HY000): Incorrect decimal value: '' for column 'value' at row 1
2019-11-15 14:07:06,022:WARNING:1366 (HY000): Incorrect decimal value: '' for column 'value' at row 1
2019-11-15 14:07:06,023:WARNING:1366 (HY000): Incorrect decimal value: '' for column 'value' at row 1
2019-11-15 14:07:06,024:WARNING:1366 (HY000): Incorrect decimal value: '' for column 'value' at row 1
2019-11-15 14:07:06,025:WARNING:1366 (HY000): Incorrect decimal value: '' for column 'value' at row 1
2019-11-15 14:07:06,026:WARNING:1366 (HY000): Incorrect decimal value: '' for column 'value' at row 1
2019-11-15 14:07:06,026:WARNING:1366 (HY000): Incorrect decimal value: '' for column 'value' at row 1
2019-11-15 14:12:49,856:WARNING:start
2019-11-15 14:12:49,865:WARNING:<mysql.connector.connection.MySQLConnection object at 0x7fb33f9c8f60>
2019-11-15 14:12:49,867:WARNING:start thread:mq-thread
2019-11-15 14:12:49,898:WARNING:custmer wait for mes
2019-11-15 14:14:10,226:WARNING:start
2019-11-15 14:14:10,232:WARNING:<mysql.connector.connection.MySQLConnection object at 0x7f6c7cfd7f28>
2019-11-15 14:14:10,233:WARNING:start thread:mq-thread
2019-11-15 14:14:10,269:WARNING:custmer wait for mes
2019-11-15 14:17:15,278:WARNING:start
2019-11-15 14:17:15,286:WARNING:<mysql.connector.connection.MySQLConnection object at 0x7f8a3509bf98>
2019-11-15 14:17:15,288:WARNING:start thread:mq-thread
2019-11-15 14:17:15,319:WARNING:custmer wait for mes
2019-11-15 14:18:05,734:WARNING:start
2019-11-15 14:18:05,741:WARNING:<mysql.connector.connection.MySQLConnection object at 0x7fded827ff98>
2019-11-15 14:18:05,743:WARNING:start thread:mq-thread
2019-11-15 14:18:05,777:WARNING:custmer wait for mes
2019-11-15 14:19:10,818:WARNING:start
2019-11-15 14:19:10,823:WARNING:<mysql.connector.connection.MySQLConnection object at 0x7f2ec9710ef0>
2019-11-15 14:19:10,825:WARNING:start thread:mq-thread
2019-11-15 14:19:10,858:WARNING:custmer wait for mes
2019-11-15 14:20:29,552:WARNING:start
2019-11-15 14:20:29,558:WARNING:<mysql.connector.connection.MySQLConnection object at 0x7fad6ff27f98>
2019-11-15 14:20:29,559:WARNING:start thread:mq-thread
2019-11-15 14:20:29,594:WARNING:custmer wait for mes
2019-11-15 14:21:44,530:WARNING:start
2019-11-15 14:21:44,538:WARNING:<mysql.connector.connection.MySQLConnection object at 0x7f9012f3af98>
2019-11-15 14:21:44,539:WARNING:start thread:mq-thread
2019-11-15 14:21:44,574:WARNING:custmer wait for mes
2019-11-15 14:22:28,074:WARNING:start
2019-11-15 14:22:28,084:WARNING:<mysql.connector.connection.MySQLConnection object at 0x7f828a28ef98>
2019-11-15 14:22:28,086:WARNING:start thread:mq-thread
2019-11-15 14:22:28,113:WARNING:custmer wait for mes
2019-11-15 14:24:42,347:WARNING:start
2019-11-15 14:24:42,352:WARNING:<mysql.connector.connection.MySQLConnection object at 0x7fb7515adf60>
2019-11-15 14:24:42,354:WARNING:start thread:mq-thread
2019-11-15 14:24:42,386:WARNING:custmer wait for mes
2019-11-15 14:25:13,526:WARNING:start
2019-11-15 14:25:13,532:WARNING:<mysql.connector.connection.MySQLConnection object at 0x7f8ccdd97f98>
2019-11-15 14:25:13,534:WARNING:start thread:mq-thread
2019-11-15 14:25:13,565:WARNING:custmer wait for mes
2019-11-15 14:26:09,693:WARNING:start
2019-11-15 14:26:09,699:WARNING:<mysql.connector.connection.MySQLConnection object at 0x7fe12ba35fd0>
2019-11-15 14:26:09,700:WARNING:start thread:mq-thread
2019-11-15 14:26:09,728:WARNING:custmer wait for mes
2019-11-15 14:28:05,525:WARNING:start
2019-11-15 14:28:05,532:WARNING:<mysql.connector.connection.MySQLConnection object at 0x7fd012bd2f60>
2019-11-15 14:28:05,533:WARNING:start thread:mq-thread
2019-11-15 14:28:05,573:WARNING:custmer wait for mes
2019-11-15 14:32:06,649:WARNING:start
2019-11-15 14:32:06,655:WARNING:<mysql.connector.connection.MySQLConnection object at 0x7f68caf1cf98>
2019-11-15 14:32:06,656:WARNING:start thread:mq-thread
2019-11-15 14:32:06,691:WARNING:custmer wait for mes
2019-11-15 14:33:31,981:WARNING:start
2019-11-15 14:33:31,988:WARNING:<mysql.connector.connection.MySQLConnection object at 0x7f856a012fd0>
2019-11-15 14:33:31,990:WARNING:start thread:mq-thread
2019-11-15 14:33:32,018:WARNING:custmer wait for mes
2019-11-15 14:35:16,525:WARNING:start
2019-11-15 14:35:16,535:WARNING:<mysql.connector.connection.MySQLConnection object at 0x7fa42e32af28>
2019-11-15 14:35:16,536:WARNING:start thread:mq-thread
2019-11-15 14:35:16,578:WARNING:custmer wait for mes
2019-11-15 14:37:08,206:WARNING:start
2019-11-15 14:37:08,213:WARNING:<mysql.connector.connection.MySQLConnection object at 0x7fb5ef0a4f98>
2019-11-15 14:37:08,215:WARNING:start thread:mq-thread
2019-11-15 14:37:08,241:WARNING:custmer wait for mes
2019-11-15 14:37:20,036:WARNING:start
2019-11-15 14:37:20,043:WARNING:<mysql.connector.connection.MySQLConnection object at 0x7fa9df62ff98>
2019-11-15 14:37:20,046:WARNING:start thread:mq-thread
2019-11-15 14:37:20,075:WARNING:custmer wait for mes
2019-11-15 14:37:51,876:WARNING:start
2019-11-15 14:37:51,881:WARNING:<mysql.connector.connection.MySQLConnection object at 0x7f99403e7f98>
2019-11-15 14:37:51,882:WARNING:start thread:mq-thread
2019-11-15 14:37:51,916:WARNING:custmer wait for mes
2019-11-15 14:37:54,372:WARNING:start
2019-11-15 14:37:54,378:WARNING:<mysql.connector.connection.MySQLConnection object at 0x7faf0a969f98>
2019-11-15 14:37:54,379:WARNING:start thread:mq-thread
2019-11-15 14:37:54,409:WARNING:custmer wait for mes
2019-11-15 14:40:10,643:WARNING:start
2019-11-15 14:40:10,656:WARNING:<mysql.connector.connection.MySQLConnection object at 0x7fe7d3d84f28>
2019-11-15 14:40:10,658:WARNING:start thread:mq-thread
2019-11-15 14:40:10,691:WARNING:custmer wait for mes
2019-11-15 14:40:44,324:WARNING:start
2019-11-15 14:40:44,333:WARNING:<mysql.connector.connection.MySQLConnection object at 0x7fa349775f60>
2019-11-15 14:40:44,336:WARNING:start thread:mq-thread
2019-11-15 14:40:44,365:WARNING:custmer wait for mes
2019-11-15 14:40:56,500:WARNING:start
2019-11-15 14:40:56,505:WARNING:<mysql.connector.connection.MySQLConnection object at 0x7fb1c05fcf28>
2019-11-15 14:40:56,506:WARNING:start thread:mq-thread
2019-11-15 14:40:56,540:WARNING:custmer wait for mes
2019-11-15 14:41:16,113:WARNING:start
2019-11-15 14:41:16,120:WARNING:<mysql.connector.connection.MySQLConnection object at 0x7fab2d92cfd0>
2019-11-15 14:41:16,121:WARNING:start thread:mq-thread
2019-11-15 14:41:16,150:WARNING:custmer wait for mes
2019-11-15 14:41:39,670:WARNING:start
2019-11-15 14:41:39,675:WARNING:<mysql.connector.connection.MySQLConnection object at 0x7f433978ceb8>
2019-11-15 14:41:39,677:WARNING:start thread:mq-thread
2019-11-15 14:41:39,707:WARNING:custmer wait for mes
2019-11-15 14:42:07,705:WARNING:start
2019-11-15 14:42:07,711:WARNING:<mysql.connector.connection.MySQLConnection object at 0x7f3d4ee6aeb8>
2019-11-15 14:42:07,714:WARNING:start thread:mq-thread
2019-11-15 14:42:07,750:WARNING:custmer wait for mes
2019-11-15 14:42:15,822:WARNING:start
2019-11-15 14:42:15,827:WARNING:<mysql.connector.connection.MySQLConnection object at 0x7f2dfcea9eb8>
2019-11-15 14:42:15,828:WARNING:start thread:mq-thread
2019-11-15 14:42:15,856:WARNING:custmer wait for mes
2019-11-15 14:42:29,424:WARNING:start
2019-11-15 14:42:29,432:WARNING:<mysql.connector.connection.MySQLConnection object at 0x7f24c88c5eb8>
2019-11-15 14:42:29,434:WARNING:start thread:mq-thread
2019-11-15 14:42:29,465:WARNING:custmer wait for mes
2019-11-15 14:42:37,137:WARNING:start
2019-11-15 14:42:37,144:WARNING:<mysql.connector.connection.MySQLConnection object at 0x7f863d179eb8>
2019-11-15 14:42:37,146:WARNING:start thread:mq-thread
2019-11-15 14:42:37,174:WARNING:custmer wait for mes
2019-11-15 14:43:10,342:WARNING:start
2019-11-15 14:43:10,347:WARNING:<mysql.connector.connection.MySQLConnection object at 0x7f3a5056a160>
2019-11-15 14:43:10,348:WARNING:start thread:mq-thread
2019-11-15 14:43:10,380:WARNING:custmer wait for mes
2019-11-15 14:46:11,012:WARNING:start
2019-11-15 14:46:11,019:WARNING:<mysql.connector.connection.MySQLConnection object at 0x7fd04df8f160>
2019-11-15 14:46:11,020:WARNING:start thread:mq-thread
2019-11-15 14:46:11,052:WARNING:custmer wait for mes
2019-11-15 14:46:30,150:WARNING:start
2019-11-15 14:46:30,156:WARNING:<mysql.connector.connection.MySQLConnection object at 0x7f608b512fd0>
2019-11-15 14:46:30,157:WARNING:start thread:mq-thread
2019-11-15 14:46:30,189:WARNING:custmer wait for mes
2019-11-15 14:46:50,740:WARNING:start
2019-11-15 14:46:50,752:WARNING:<mysql.connector.connection.MySQLConnection object at 0x7f3eb3ba8fd0>
2019-11-15 14:46:50,754:WARNING:start thread:mq-thread
2019-11-15 14:46:50,791:WARNING:custmer wait for mes
2019-11-18 08:40:28,535:WARNING:start
2019-11-18 08:40:28,551:WARNING:<mysql.connector.connection.MySQLConnection object at 0x7fdf4fc8bf98>
2019-11-18 08:40:28,553:WARNING:start thread:mq-thread
2019-11-18 08:40:28,585:WARNING:custmer wait for mes
2019-11-18 08:47:56,392:WARNING:start
2019-11-18 08:47:56,407:WARNING:<mysql.connector.connection.MySQLConnection object at 0x7fb5f88dd128>
2019-11-18 08:47:56,410:WARNING:start thread:mq-thread
2019-11-18 08:47:56,443:WARNING:custmer wait for mes
2019-11-18 08:48:53,926:WARNING:start
2019-11-18 08:48:53,940:WARNING:<mysql.connector.connection.MySQLConnection object at 0x7f62ac3c6fd0>
2019-11-18 08:48:53,942:WARNING:start thread:mq-thread
2019-11-18 08:48:53,975:WARNING:custmer wait for mes
2019-11-18 09:03:41,294:WARNING:start
2019-11-18 09:03:41,309:WARNING:<mysql.connector.connection.MySQLConnection object at 0x7f4bec6471d0>
2019-11-18 09:03:41,311:WARNING:start thread:mq-thread
2019-11-18 09:03:41,346:WARNING:custmer wait for mes
2019-11-18 09:11:02,911:WARNING:start
2019-11-18 09:11:02,917:WARNING:<mysql.connector.connection.MySQLConnection object at 0x7f7818ee1f60>
2019-11-18 09:11:02,919:WARNING:start thread:mq-thread
2019-11-18 09:11:02,952:WARNING:custmer wait for mes
2019-11-18 09:12:18,640:WARNING:start
2019-11-18 09:12:18,648:WARNING:<mysql.connector.connection.MySQLConnection object at 0x7fba75641f98>
2019-11-18 09:12:18,650:WARNING:start thread:mq-thread
2019-11-18 09:12:18,678:WARNING:custmer wait for mes
2019-11-18 09:14:24,497:WARNING:start
2019-11-18 09:14:24,514:WARNING:<mysql.connector.connection.MySQLConnection object at 0x7f2ec2891be0>
2019-11-18 09:14:24,515:WARNING:start thread:mq-thread
2019-11-18 09:14:24,557:WARNING:custmer wait for mes
2019-11-18 09:17:31,672:WARNING:start
2019-11-18 09:17:31,679:WARNING:<mysql.connector.connection.MySQLConnection object at 0x7fcc0a03ffd0>
2019-11-18 09:17:31,682:WARNING:start thread:mq-thread
2019-11-18 09:17:31,717:WARNING:custmer wait for mes
2019-11-18 09:18:34,698:WARNING:start
2019-11-18 09:18:34,704:WARNING:<mysql.connector.connection.MySQLConnection object at 0x7fe28e130128>
2019-11-18 09:18:34,706:WARNING:start thread:mq-thread
2019-11-18 09:18:34,737:WARNING:custmer wait for mes
2019-11-18 09:18:59,936:WARNING:start
2019-11-18 09:18:59,943:WARNING:<mysql.connector.connection.MySQLConnection object at 0x7f915e1befd0>
2019-11-18 09:18:59,946:WARNING:start thread:mq-thread
2019-11-18 09:18:59,973:WARNING:custmer wait for mes
2019-11-18 09:19:44,302:WARNING:start
2019-11-18 09:19:44,310:WARNING:<mysql.connector.connection.MySQLConnection object at 0x7fc679a37f98>
2019-11-18 09:19:44,311:WARNING:start thread:mq-thread
2019-11-18 09:19:44,344:WARNING:custmer wait for mes
2019-11-18 09:20:31,419:WARNING:start
2019-11-18 09:20:31,425:WARNING:<mysql.connector.connection.MySQLConnection object at 0x7f1964fa0f60>
2019-11-18 09:20:31,427:WARNING:start thread:mq-thread
2019-11-18 09:20:31,462:WARNING:custmer wait for mes
2019-11-18 09:22:37,479:WARNING:start
2019-11-18 09:22:37,487:WARNING:<mysql.connector.connection.MySQLConnection object at 0x7faed4756f60>
2019-11-18 09:22:37,489:WARNING:start thread:mq-thread
2019-11-18 09:22:37,521:WARNING:custmer wait for mes
2019-11-18 09:23:44,579:WARNING:start
2019-11-18 09:23:44,589:WARNING:<mysql.connector.connection.MySQLConnection object at 0x7fc7d96e0f60>
2019-11-18 09:23:44,591:WARNING:start thread:mq-thread
2019-11-18 09:23:44,619:WARNING:custmer wait for mes
2019-11-18 09:25:40,895:WARNING:start
2019-11-18 09:25:40,901:WARNING:<mysql.connector.connection.MySQLConnection object at 0x7f0e80b63fd0>
2019-11-18 09:25:40,904:WARNING:start thread:mq-thread
2019-11-18 09:25:40,935:WARNING:custmer wait for mes
2019-11-18 09:59:49,247:WARNING:start
2019-11-18 09:59:49,253:WARNING:<mysql.connector.connection.MySQLConnection object at 0x7ff056229f60>
2019-11-18 09:59:49,256:WARNING:start thread:mq-thread
2019-11-18 09:59:49,292:WARNING:custmer wait for mes
2019-11-18 10:03:24,791:WARNING:start
2019-11-18 10:03:24,796:WARNING:<mysql.connector.connection.MySQLConnection object at 0x7fd0d99f5f60>
2019-11-18 10:03:24,798:WARNING:start thread:mq-thread
2019-11-18 10:03:24,826:WARNING:custmer wait for mes
2019-11-18 10:03:41,469:WARNING:start
2019-11-18 10:03:41,476:WARNING:<mysql.connector.connection.MySQLConnection object at 0x7f09b0b5af60>
2019-11-18 10:03:41,479:WARNING:start thread:mq-thread
2019-11-18 10:03:41,512:WARNING:custmer wait for mes
2019-11-18 10:03:48,073:WARNING:has been read at
2019-11-18 10:04:14,857:WARNING:has been read at
2019-11-18 10:04:47,114:WARNING:has been read at
2019-11-18 10:05:09,345:WARNING:has been read at
2019-11-18 10:05:41,962:WARNING:has been read at
2019-11-18 10:06:01,450:WARNING:has been read at
2019-11-18 10:13:06,333:WARNING:start
2019-11-18 10:13:06,340:WARNING:<mysql.connector.connection.MySQLConnection object at 0x7f8a3ed2dfd0>
2019-11-18 10:13:06,342:WARNING:start thread:mq-thread
2019-11-18 10:13:06,373:WARNING:custmer wait for mes
2019-11-18 10:13:29,634:WARNING:has been read at
2019-11-18 10:13:47,082:WARNING:has been read at
2019-11-18 10:14:26,994:WARNING:has been read at
2019-11-18 10:16:15,882:WARNING:has been read at
2019-11-18 10:16:23,266:WARNING:has been read at
2019-11-18 10:16:34,655:WARNING:start
2019-11-18 10:16:34,661:WARNING:<mysql.connector.connection.MySQLConnection object at 0x7fcc68fd7fd0>
2019-11-18 10:16:34,663:WARNING:start thread:mq-thread
2019-11-18 10:16:34,697:WARNING:custmer wait for mes
2019-11-18 10:16:39,778:WARNING:has been read at
2019-11-18 10:19:09,279:WARNING:start
2019-11-18 10:19:09,284:WARNING:<mysql.connector.connection.MySQLConnection object at 0x7ff79faeafd0>
2019-11-18 10:19:09,287:WARNING:start thread:mq-thread
2019-11-18 10:19:09,325:WARNING:custmer wait for mes
2019-11-18 10:19:14,610:WARNING:/home/dba/Downloads/path/11.25.xlshas been read at
2019-11-18 10:19:30,027:WARNING:start
2019-11-18 10:19:30,033:WARNING:<mysql.connector.connection.MySQLConnection object at 0x7f6b5df76fd0>
2019-11-18 10:19:30,035:WARNING:start thread:mq-thread
2019-11-18 10:19:30,061:WARNING:custmer wait for mes
2019-11-18 10:19:33,978:WARNING:/home/dba/Downloads/path/11.25.xlshas been read at/home/dba/Downloads/path/11.25.xls ---->>>>2019-11-18 10:13:58 

2019-11-18 15:17:44,917:WARNING:start
2019-11-18 15:17:44,929:WARNING:<mysql.connector.connection.MySQLConnection object at 0x7f10dcf3dfd0>
2019-11-18 15:17:44,931:WARNING:start thread:mq-thread
2019-11-18 15:17:44,965:WARNING:custmer wait for mes
2019-11-18 15:18:30,787:WARNING:start
2019-11-18 15:18:30,800:WARNING:<mysql.connector.connection.MySQLConnection object at 0x7f474c974fd0>
2019-11-18 15:18:30,801:WARNING:start thread:mq-thread
2019-11-18 15:18:30,838:WARNING:custmer wait for mes
2019-11-18 15:21:36,363:WARNING:start
2019-11-18 15:21:36,375:WARNING:<mysql.connector.connection.MySQLConnection object at 0x7fb631f1efd0>
2019-11-18 15:21:36,378:WARNING:start thread:mq-thread
2019-11-18 15:21:36,412:WARNING:custmer wait for mes
2019-11-18 16:06:45,738:WARNING:/mnt/share/11.17has been read at/mnt/share/11.17 ---->>>>2019-11-18 16:06:31 

2019-11-18 16:08:18,018:WARNING:/mnt/share/11.18has been read at/mnt/share/11.18 ---->>>>2019-11-18 16:08:00 

2019-11-19 11:50:02,575:WARNING:start
2019-11-19 11:50:02,591:WARNING:<mysql.connector.connection.MySQLConnection object at 0x7f36733dd5c0>
2019-11-19 11:50:02,594:WARNING:start thread:mq-thread
2019-11-19 11:50:02,628:WARNING:custmer wait for mes
2019-11-19 14:04:54,755:WARNING:start
2019-11-19 14:04:54,766:WARNING:<mysql.connector.connection.MySQLConnection object at 0x7f5ee19706a0>
2019-11-19 14:04:54,769:WARNING:start thread:mq-thread
2019-11-19 14:04:54,801:WARNING:custmer wait for mes
2019-11-19 14:32:09,428:WARNING:start
2019-11-19 14:32:09,440:WARNING:<mysql.connector.connection.MySQLConnection object at 0x7f046643f668>
2019-11-19 14:32:09,442:WARNING:start thread:mq-thread
2019-11-19 14:32:09,475:WARNING:custmer wait for mes
2019-11-19 14:32:50,547:WARNING:start
2019-11-19 14:32:50,560:WARNING:<mysql.connector.connection.MySQLConnection object at 0x7f964b172630>
2019-11-19 14:32:50,562:WARNING:start thread:mq-thread
2019-11-19 14:32:50,591:WARNING:custmer wait for mes
2019-11-19 14:33:20,026:WARNING:start
2019-11-19 14:33:20,035:WARNING:<mysql.connector.connection.MySQLConnection object at 0x7f57d13c2668>
2019-11-19 14:33:20,037:WARNING:start thread:mq-thread
2019-11-19 14:33:20,072:WARNING:custmer wait for mes
2019-11-19 14:37:12,865:WARNING:start
2019-11-19 14:37:12,877:WARNING:<mysql.connector.connection.MySQLConnection object at 0x7f8b40d68668>
2019-11-19 14:37:12,879:WARNING:start thread:mq-thread
2019-11-19 14:37:12,905:WARNING:custmer wait for mes
2019-11-19 14:41:06,131:WARNING:start
2019-11-19 14:41:06,141:WARNING:<mysql.connector.connection.MySQLConnection object at 0x7f7df80e4630>
2019-11-19 14:41:06,143:WARNING:start thread:mq-thread
2019-11-19 14:41:06,180:WARNING:custmer wait for mes
2019-11-19 14:42:18,605:WARNING:start
2019-11-19 14:42:18,613:WARNING:<mysql.connector.connection.MySQLConnection object at 0x7fd5f9423668>
2019-11-19 14:42:18,614:WARNING:start thread:mq-thread
2019-11-19 14:42:18,652:WARNING:custmer wait for mes
2019-11-19 14:43:09,855:WARNING:[Errno 2] No such file or directory: '/mnt/share/11.20.xls'
2019-11-19 14:43:09,857:WARNING:[Errno 2] No such file or directory: '/mnt/share/11.21.xls'
2019-11-19 14:43:09,858:WARNING:[Errno 2] No such file or directory: '/mnt/share/11.23.xls'
2019-11-19 14:43:09,859:WARNING:[Errno 2] No such file or directory: '/mnt/share/11.16 - 副本.xls'
2019-11-19 14:43:09,861:WARNING:[Errno 2] No such file or directory: '/mnt/share/11.16.xls'
2019-11-19 14:43:09,862:WARNING:[Errno 2] No such file or directory: '/mnt/share/11.22.xls'
2019-11-19 14:43:09,862:WARNING:/mnt/share/11.17has been read at/mnt/share/11.17 ---->>>>2019-11-18 16:06:31 

2019-11-19 14:43:37,983:WARNING:[Errno 2] No such file or directory: '/mnt/share/11.16 - 副本 (2).xls'
2019-11-19 14:44:29,166:WARNING:start
2019-11-19 14:44:29,175:WARNING:<mysql.connector.connection.MySQLConnection object at 0x7fa906b4d6d8>
2019-11-19 14:44:29,176:WARNING:start thread:mq-thread
2019-11-19 14:44:29,202:WARNING:custmer wait for mes
2019-11-19 14:44:45,238:WARNING:/mnt/share/11.23.xlshas been read at/mnt/share/11.23.xls ---->>>>2019-11-19 14:43:09 

2019-11-19 14:45:12,361:WARNING:[Errno 21] Is a directory: '/mnt/share/新建文件夹'
2019-11-19 14:46:24,787:WARNING:/mnt/share/新建文件夹has been read at/mnt/share/新建文件夹 ---->>>>2019-11-19 14:45:12 

2019-11-19 14:46:46,891:WARNING:/mnt/share/新建文件夹has been read at/mnt/share/新建文件夹 ---->>>>2019-11-19 14:45:12 

2019-11-19 14:47:17,068:WARNING:/mnt/share/新建文件夹has been read at/mnt/share/新建文件夹 ---->>>>2019-11-19 14:45:12 

2019-11-19 14:49:22,123:WARNING:start
2019-11-19 14:49:22,139:WARNING:<mysql.connector.connection.MySQLConnection object at 0x7f0c8af696d8>
2019-11-19 14:49:22,141:WARNING:start thread:mq-thread
2019-11-19 14:49:22,165:WARNING:custmer wait for mes
2019-11-19 14:54:39,630:WARNING:start
2019-11-19 14:54:39,645:WARNING:<mysql.connector.connection.MySQLConnection object at 0x7f9f7f3546d8>
2019-11-19 14:54:39,646:WARNING:start thread:mq-thread
2019-11-19 14:54:39,678:WARNING:custmer wait for mes
2019-11-19 14:57:06,459:WARNING:/mnt/share/11.24.xlshas been read at/mnt/share/11.24.xls ---->>>>2019-11-19 14:45:03 

2019-11-19 14:57:31,601:WARNING:/mnt/share/11.24.xlshas been read at/mnt/share/11.24.xls ---->>>>2019-11-19 14:45:03 

2019-11-19 14:57:46,689:WARNING:[Errno 2] No such file or directory: '/mnt/share/648C00B6.tmp'
2019-11-19 14:58:14,851:WARNING:/mnt/share/11.24.xlshas been read at/mnt/share/11.24.xls ---->>>>2019-11-19 14:45:03 

2019-11-19 14:59:34,676:WARNING:start
2019-11-19 14:59:34,687:WARNING:<mysql.connector.connection.MySQLConnection object at 0x7fa327e066d8>
2019-11-19 14:59:34,689:WARNING:start thread:mq-thread
2019-11-19 14:59:34,722:WARNING:custmer wait for mes
2019-11-19 14:59:46,751:WARNING:/mnt/share/11.24.xlshas been read at/mnt/share/11.24.xls ---->>>>2019-11-19 14:45:03 

2019-11-19 15:00:18,939:WARNING:/mnt/share/11.24 - 副本.xlshas been read at/mnt/share/11.24 - 副本.xls ---->>>>2019-11-19 14:49:34 

2019-11-19 15:00:23,968:WARNING:/mnt/share/11.24 - 副本 (2).xlshas been read at/mnt/share/11.24 - 副本 (2).xls ---->>>>2019-11-19 14:49:40 

2019-11-19 15:00:26,986:WARNING:/mnt/share/11.24 - 副本 (3).xlshas been read at/mnt/share/11.24 - 副本 (3).xls ---->>>>2019-11-19 14:54:54 

2019-11-19 15:01:06,796:WARNING:start
2019-11-19 15:01:06,806:WARNING:<mysql.connector.connection.MySQLConnection object at 0x7f43df380630>
2019-11-19 15:01:06,807:WARNING:start thread:mq-thread
2019-11-19 15:01:06,843:WARNING:custmer wait for mes
2019-11-19 15:01:21,894:WARNING:/mnt/share/11.24 - 副本 (2).xlshas been read at/mnt/share/11.24 - 副本 (2).xls ---->>>>2019-11-19 14:49:40 

2019-11-19 15:01:26,925:WARNING:/mnt/share/11.24 - 副本 (3).xlshas been read at/mnt/share/11.24 - 副本 (3).xls ---->>>>2019-11-19 14:54:54 

2019-11-19 15:02:00,123:WARNING:/mnt/share/11.24 - 副本 (3).xlshas been read at/mnt/share/11.24 - 副本 (3).xls ---->>>>2019-11-19 14:54:54 

2019-11-19 15:02:04,146:WARNING:/mnt/share/11.24 - 副本 (3).xlshas been read at/mnt/share/11.24 - 副本 (3).xls ---->>>>2019-11-19 14:54:54 

2019-11-20 09:21:55,083:WARNING:start
2019-11-20 09:21:55,095:WARNING:<mysql.connector.connection.MySQLConnection object at 0x7f066a4426a0>
2019-11-20 09:21:55,097:WARNING:start thread:mq-thread
2019-11-20 09:21:55,123:WARNING:custmer wait for mes
2019-12-17 09:07:53,481:WARNING:start
2019-12-17 09:07:53,500:WARNING:<mysql.connector.connection.MySQLConnection object at 0x7f04395fe710>
2019-12-17 09:07:53,504:WARNING:start thread:mq-thread
2019-12-17 09:07:53,508:ERROR:Socket failed to connect: <socket.socket fd=9, family=AddressFamily.AF_INET, type=2049, proto=6, laddr=('10.10.10.245', 55452)>; error=111 (Connection refused)
2019-12-17 09:07:53,509:ERROR:TCP Connection attempt failed: ConnectionRefusedError(111, 'Connection refused'); dest=(<AddressFamily.AF_INET: 2>, <SocketKind.SOCK_STREAM: 1>, 6, '', ('10.10.10.245', 5672))
2019-12-17 09:07:53,509:ERROR:AMQPConnector - reporting failure: AMQPConnectorSocketConnectError: ConnectionRefusedError(111, 'Connection refused')
2019-12-17 09:07:53,509:ERROR:AMQP connection workflow failed: AMQPConnectionWorkflowFailed: 1 exceptions in all; last exception - AMQPConnectorSocketConnectError: ConnectionRefusedError(111, 'Connection refused'); first exception - None.
2019-12-17 09:07:53,509:ERROR:AMQPConnectionWorkflow - reporting failure: AMQPConnectionWorkflowFailed: 1 exceptions in all; last exception - AMQPConnectorSocketConnectError: ConnectionRefusedError(111, 'Connection refused'); first exception - None
2019-12-17 09:07:53,510:ERROR:Connection workflow failed: AMQPConnectionWorkflowFailed: 1 exceptions in all; last exception - AMQPConnectorSocketConnectError: ConnectionRefusedError(111, 'Connection refused'); first exception - None
2019-12-17 09:07:53,510:ERROR:Error in _create_connection().
Traceback (most recent call last):
  File "/usr/local/python3Dir/lib/python3.6/site-packages/pika/adapters/blocking_connection.py", line 450, in _create_connection
    raise self._reap_last_connection_workflow_error(error)
pika.exceptions.AMQPConnectionError
2019-12-17 09:08:08,490:WARNING:start
2019-12-17 09:08:08,508:WARNING:<mysql.connector.connection.MySQLConnection object at 0x7f8e6362e710>
2019-12-17 09:08:08,510:WARNING:start thread:mq-thread
2019-12-17 09:08:08,515:ERROR:Socket failed to connect: <socket.socket fd=9, family=AddressFamily.AF_INET, type=2049, proto=6, laddr=('10.10.10.245', 55458)>; error=111 (Connection refused)
2019-12-17 09:08:08,515:ERROR:TCP Connection attempt failed: ConnectionRefusedError(111, 'Connection refused'); dest=(<AddressFamily.AF_INET: 2>, <SocketKind.SOCK_STREAM: 1>, 6, '', ('10.10.10.245', 5672))
2019-12-17 09:08:08,516:ERROR:AMQPConnector - reporting failure: AMQPConnectorSocketConnectError: ConnectionRefusedError(111, 'Connection refused')
2019-12-17 09:08:08,516:ERROR:AMQP connection workflow failed: AMQPConnectionWorkflowFailed: 1 exceptions in all; last exception - AMQPConnectorSocketConnectError: ConnectionRefusedError(111, 'Connection refused'); first exception - None.
2019-12-17 09:08:08,516:ERROR:AMQPConnectionWorkflow - reporting failure: AMQPConnectionWorkflowFailed: 1 exceptions in all; last exception - AMQPConnectorSocketConnectError: ConnectionRefusedError(111, 'Connection refused'); first exception - None
2019-12-17 09:08:08,516:ERROR:Connection workflow failed: AMQPConnectionWorkflowFailed: 1 exceptions in all; last exception - AMQPConnectorSocketConnectError: ConnectionRefusedError(111, 'Connection refused'); first exception - None
2019-12-17 09:08:08,516:ERROR:Error in _create_connection().
Traceback (most recent call last):
  File "/usr/local/python3Dir/lib/python3.6/site-packages/pika/adapters/blocking_connection.py", line 450, in _create_connection
    raise self._reap_last_connection_workflow_error(error)
pika.exceptions.AMQPConnectionError
2019-12-17 09:15:59,919:WARNING:start
2019-12-17 09:15:59,934:WARNING:<mysql.connector.connection.MySQLConnection object at 0x7f47d26f0710>
2019-12-17 09:15:59,937:WARNING:start thread:mq-thread
2019-12-17 09:16:09,948:ERROR:AMQPConnector - reporting failure: AMQPConnectorSocketConnectError: timeout("TCP connection attempt timed out: '10.10.10.78'/(<AddressFamily.AF_INET: 2>, <SocketKind.SOCK_STREAM: 1>, 6, '', ('10.10.10.78', 5672))",)
2019-12-17 09:16:09,949:ERROR:AMQP connection workflow failed: AMQPConnectionWorkflowFailed: 1 exceptions in all; last exception - AMQPConnectorSocketConnectError: timeout("TCP connection attempt timed out: '10.10.10.78'/(<AddressFamily.AF_INET: 2>, <SocketKind.SOCK_STREAM: 1>, 6, '', ('10.10.10.78', 5672))",); first exception - None.
2019-12-17 09:16:09,949:ERROR:AMQPConnectionWorkflow - reporting failure: AMQPConnectionWorkflowFailed: 1 exceptions in all; last exception - AMQPConnectorSocketConnectError: timeout("TCP connection attempt timed out: '10.10.10.78'/(<AddressFamily.AF_INET: 2>, <SocketKind.SOCK_STREAM: 1>, 6, '', ('10.10.10.78', 5672))",); first exception - None
2019-12-17 09:16:09,950:ERROR:Connection workflow failed: AMQPConnectionWorkflowFailed: 1 exceptions in all; last exception - AMQPConnectorSocketConnectError: timeout("TCP connection attempt timed out: '10.10.10.78'/(<AddressFamily.AF_INET: 2>, <SocketKind.SOCK_STREAM: 1>, 6, '', ('10.10.10.78', 5672))",); first exception - None
2019-12-17 09:16:09,950:ERROR:Error in _create_connection().
Traceback (most recent call last):
  File "/usr/local/python3Dir/lib/python3.6/site-packages/pika/adapters/blocking_connection.py", line 450, in _create_connection
    raise self._reap_last_connection_workflow_error(error)
pika.exceptions.AMQPConnectionError
2019-12-17 09:22:08,503:WARNING:start
2019-12-17 09:22:08,517:WARNING:<mysql.connector.connection.MySQLConnection object at 0x7faf2db9a6a0>
2019-12-17 09:22:08,520:WARNING:start thread:mq-thread
2019-12-17 09:22:17,091:WARNING:start
2019-12-17 09:22:17,103:WARNING:<mysql.connector.connection.MySQLConnection object at 0x7f839919d710>
2019-12-17 09:22:17,105:WARNING:start thread:mq-thread
2019-12-17 09:22:27,112:ERROR:AMQPConnector - reporting failure: AMQPConnectorSocketConnectError: timeout("TCP connection attempt timed out: '10.10.10.78'/(<AddressFamily.AF_INET: 2>, <SocketKind.SOCK_STREAM: 1>, 6, '', ('10.10.10.78', 5672))",)
2019-12-17 09:22:27,113:ERROR:AMQP connection workflow failed: AMQPConnectionWorkflowFailed: 1 exceptions in all; last exception - AMQPConnectorSocketConnectError: timeout("TCP connection attempt timed out: '10.10.10.78'/(<AddressFamily.AF_INET: 2>, <SocketKind.SOCK_STREAM: 1>, 6, '', ('10.10.10.78', 5672))",); first exception - None.
2019-12-17 09:22:27,113:ERROR:AMQPConnectionWorkflow - reporting failure: AMQPConnectionWorkflowFailed: 1 exceptions in all; last exception - AMQPConnectorSocketConnectError: timeout("TCP connection attempt timed out: '10.10.10.78'/(<AddressFamily.AF_INET: 2>, <SocketKind.SOCK_STREAM: 1>, 6, '', ('10.10.10.78', 5672))",); first exception - None
2019-12-17 09:22:27,114:ERROR:Connection workflow failed: AMQPConnectionWorkflowFailed: 1 exceptions in all; last exception - AMQPConnectorSocketConnectError: timeout("TCP connection attempt timed out: '10.10.10.78'/(<AddressFamily.AF_INET: 2>, <SocketKind.SOCK_STREAM: 1>, 6, '', ('10.10.10.78', 5672))",); first exception - None
2019-12-17 09:22:27,114:ERROR:Error in _create_connection().
Traceback (most recent call last):
  File "/usr/local/python3Dir/lib/python3.6/site-packages/pika/adapters/blocking_connection.py", line 450, in _create_connection
    raise self._reap_last_connection_workflow_error(error)
pika.exceptions.AMQPConnectionError
2019-12-17 09:23:25,981:WARNING:start
2019-12-17 09:23:25,993:WARNING:<mysql.connector.connection.MySQLConnection object at 0x7ff0ad72c710>
2019-12-17 09:23:25,995:WARNING:start thread:mq-thread
2019-12-17 09:24:01,852:WARNING:start
2019-12-17 09:24:01,869:WARNING:<mysql.connector.connection.MySQLConnection object at 0x7fb004693710>
2019-12-17 09:24:01,871:WARNING:start thread:mq-thread
2019-12-17 09:24:01,907:ERROR:Connection closed while tuning the connection indicating a probable permission error when accessing a virtual host
2019-12-17 09:24:01,908:ERROR:AMQPConnector - reporting failure: AMQPConnectorAMQPHandshakeError: ProbableAccessDeniedError: Client was disconnected at a connection stage indicating a probable denial of access to the specified virtual host: ('ConnectionClosedByBroker: (530) "NOT_ALLOWED - access to vhost \'/\' refused for user \'python_c\'"',)
2019-12-17 09:24:01,909:ERROR:AMQP connection workflow failed: AMQPConnectionWorkflowFailed: 1 exceptions in all; last exception - AMQPConnectorAMQPHandshakeError: ProbableAccessDeniedError: Client was disconnected at a connection stage indicating a probable denial of access to the specified virtual host: ('ConnectionClosedByBroker: (530) "NOT_ALLOWED - access to vhost \'/\' refused for user \'python_c\'"',); first exception - None.
2019-12-17 09:24:01,909:ERROR:AMQPConnectionWorkflow - reporting failure: AMQPConnectionWorkflowFailed: 1 exceptions in all; last exception - AMQPConnectorAMQPHandshakeError: ProbableAccessDeniedError: Client was disconnected at a connection stage indicating a probable denial of access to the specified virtual host: ('ConnectionClosedByBroker: (530) "NOT_ALLOWED - access to vhost \'/\' refused for user \'python_c\'"',); first exception - None
2019-12-17 09:24:01,909:ERROR:Connection workflow failed: AMQPConnectionWorkflowFailed: 1 exceptions in all; last exception - AMQPConnectorAMQPHandshakeError: ProbableAccessDeniedError: Client was disconnected at a connection stage indicating a probable denial of access to the specified virtual host: ('ConnectionClosedByBroker: (530) "NOT_ALLOWED - access to vhost \'/\' refused for user \'python_c\'"',); first exception - None
2019-12-17 09:24:01,910:ERROR:Error in _create_connection().
Traceback (most recent call last):
  File "/usr/local/python3Dir/lib/python3.6/site-packages/pika/adapters/blocking_connection.py", line 450, in _create_connection
    raise self._reap_last_connection_workflow_error(error)
pika.exceptions.ProbableAccessDeniedError: ConnectionClosedByBroker: (530) "NOT_ALLOWED - access to vhost '/' refused for user 'python_c'"
2019-12-17 09:24:14,956:WARNING:start
2019-12-17 09:24:14,975:WARNING:<mysql.connector.connection.MySQLConnection object at 0x7f6bf8103710>
2019-12-17 09:24:14,976:WARNING:start thread:mq-thread
2019-12-17 09:24:15,016:ERROR:Connection closed while tuning the connection indicating a probable permission error when accessing a virtual host
2019-12-17 09:24:15,016:ERROR:AMQPConnector - reporting failure: AMQPConnectorAMQPHandshakeError: ProbableAccessDeniedError: Client was disconnected at a connection stage indicating a probable denial of access to the specified virtual host: ('ConnectionClosedByBroker: (530) "NOT_ALLOWED - access to vhost \'/\' refused for user \'python_c\'"',)
2019-12-17 09:24:15,017:ERROR:AMQP connection workflow failed: AMQPConnectionWorkflowFailed: 1 exceptions in all; last exception - AMQPConnectorAMQPHandshakeError: ProbableAccessDeniedError: Client was disconnected at a connection stage indicating a probable denial of access to the specified virtual host: ('ConnectionClosedByBroker: (530) "NOT_ALLOWED - access to vhost \'/\' refused for user \'python_c\'"',); first exception - None.
2019-12-17 09:24:15,018:ERROR:AMQPConnectionWorkflow - reporting failure: AMQPConnectionWorkflowFailed: 1 exceptions in all; last exception - AMQPConnectorAMQPHandshakeError: ProbableAccessDeniedError: Client was disconnected at a connection stage indicating a probable denial of access to the specified virtual host: ('ConnectionClosedByBroker: (530) "NOT_ALLOWED - access to vhost \'/\' refused for user \'python_c\'"',); first exception - None
2019-12-17 09:24:15,018:ERROR:Connection workflow failed: AMQPConnectionWorkflowFailed: 1 exceptions in all; last exception - AMQPConnectorAMQPHandshakeError: ProbableAccessDeniedError: Client was disconnected at a connection stage indicating a probable denial of access to the specified virtual host: ('ConnectionClosedByBroker: (530) "NOT_ALLOWED - access to vhost \'/\' refused for user \'python_c\'"',); first exception - None
2019-12-17 09:24:15,018:ERROR:Error in _create_connection().
Traceback (most recent call last):
  File "/usr/local/python3Dir/lib/python3.6/site-packages/pika/adapters/blocking_connection.py", line 450, in _create_connection
    raise self._reap_last_connection_workflow_error(error)
pika.exceptions.ProbableAccessDeniedError: ConnectionClosedByBroker: (530) "NOT_ALLOWED - access to vhost '/' refused for user 'python_c'"
2019-12-17 09:26:16,027:WARNING:start
2019-12-17 09:26:16,044:WARNING:<mysql.connector.connection.MySQLConnection object at 0x7f0779b80940>
2019-12-17 09:26:16,046:WARNING:start thread:mq-thread
2019-12-17 09:26:16,100:ERROR:Connection closed while tuning the connection indicating a probable permission error when accessing a virtual host
2019-12-17 09:26:16,100:ERROR:AMQPConnector - reporting failure: AMQPConnectorAMQPHandshakeError: ProbableAccessDeniedError: Client was disconnected at a connection stage indicating a probable denial of access to the specified virtual host: ('ConnectionClosedByBroker: (530) "NOT_ALLOWED - access to vhost \'/\' refused for user \'123\'"',)
2019-12-17 09:26:16,101:ERROR:AMQP connection workflow failed: AMQPConnectionWorkflowFailed: 1 exceptions in all; last exception - AMQPConnectorAMQPHandshakeError: ProbableAccessDeniedError: Client was disconnected at a connection stage indicating a probable denial of access to the specified virtual host: ('ConnectionClosedByBroker: (530) "NOT_ALLOWED - access to vhost \'/\' refused for user \'123\'"',); first exception - None.
2019-12-17 09:26:16,102:ERROR:AMQPConnectionWorkflow - reporting failure: AMQPConnectionWorkflowFailed: 1 exceptions in all; last exception - AMQPConnectorAMQPHandshakeError: ProbableAccessDeniedError: Client was disconnected at a connection stage indicating a probable denial of access to the specified virtual host: ('ConnectionClosedByBroker: (530) "NOT_ALLOWED - access to vhost \'/\' refused for user \'123\'"',); first exception - None
2019-12-17 09:26:16,102:ERROR:Connection workflow failed: AMQPConnectionWorkflowFailed: 1 exceptions in all; last exception - AMQPConnectorAMQPHandshakeError: ProbableAccessDeniedError: Client was disconnected at a connection stage indicating a probable denial of access to the specified virtual host: ('ConnectionClosedByBroker: (530) "NOT_ALLOWED - access to vhost \'/\' refused for user \'123\'"',); first exception - None
2019-12-17 09:26:16,102:ERROR:Error in _create_connection().
Traceback (most recent call last):
  File "/usr/local/python3Dir/lib/python3.6/site-packages/pika/adapters/blocking_connection.py", line 450, in _create_connection
    raise self._reap_last_connection_workflow_error(error)
pika.exceptions.ProbableAccessDeniedError: ConnectionClosedByBroker: (530) "NOT_ALLOWED - access to vhost '/' refused for user '123'"
2019-12-17 09:27:02,755:WARNING:start
2019-12-17 09:27:02,768:WARNING:<mysql.connector.connection.MySQLConnection object at 0x7fefc3648710>
2019-12-17 09:27:02,769:WARNING:start thread:mq-thread
2019-12-17 09:27:02,813:WARNING:Received remote Channel.Close (404): "NOT_FOUND - no queue '111' in vhost '/'" on <Channel number=1 OPEN conn=<SelectConnection OPEN transport=<pika.adapters.utils.io_services_utils._AsyncPlaintextTransport object at 0x7fefc36312b0> params=<ConnectionParameters host=10.10.10.78 port=5672 virtual_host=/ ssl=False>>>
2019-12-17 09:27:08,627:WARNING:start
2019-12-17 09:27:08,639:WARNING:<mysql.connector.connection.MySQLConnection object at 0x7f6306d98710>
2019-12-17 09:27:08,640:WARNING:start thread:mq-thread
2019-12-17 09:27:08,698:WARNING:Received remote Channel.Close (404): "NOT_FOUND - no queue '111' in vhost '/'" on <Channel number=1 OPEN conn=<SelectConnection OPEN transport=<pika.adapters.utils.io_services_utils._AsyncPlaintextTransport object at 0x7f6306d812b0> params=<ConnectionParameters host=10.10.10.78 port=5672 virtual_host=/ ssl=False>>>
2019-12-17 09:27:28,705:WARNING:start
2019-12-17 09:27:28,717:WARNING:<mysql.connector.connection.MySQLConnection object at 0x7fe5f85296a0>
2019-12-17 09:27:28,718:WARNING:start thread:mq-thread
2019-12-17 09:27:28,774:WARNING:custmer wait for mes
